<?xml version="1.0" encoding="UTF-8"?>
<!-- Generated by org.testng.reporters.JUnitXMLReporter -->
<testsuite ignored="0" hostname="TusharYadav" failures="1" tests="2" name="ErrorValidation" time="10.95" errors="0" timestamp="12 Sept 2024 19:29:11 GMT">
  <testcase classname="automationProject.SeleniumTestNgFramework.ErrorValidation" name="ErrorValidationofaddtoCart" time="4.248">
    <failure type="java.lang.AssertionError" message="expected [false] but found [ZARA COAT 33]">
      <![CDATA[java.lang.AssertionError: expected [false] but found [ZARA COAT 33]
at automationProject.SeleniumTestNgFramework.ErrorValidation.ErrorValidationofaddtoCart(ErrorValidation.java:33)
... Removed 28 stack frames]]>
    </failure>
  </testcase> <!-- ErrorValidationofaddtoCart -->
  <testcase classname="automationProject.SeleniumTestNgFramework.ErrorValidation" name="testofApplication" time="1.102"/>
</testsuite> <!-- ErrorValidation -->
